24.05.2014 @ 13:21: File coudn't read: Die Datei ist zu lang. Dieser Vorgang unterstützt derzeit nur Dateien mit einer Größe von weniger als 2 GB.
24.05.2014 @ 13:22: File coudn't read: Die Datei ist zu lang. Dieser Vorgang unterstützt derzeit nur Dateien mit einer Größe von weniger als 2 GB.
24.05.2014 @ 13:24: File coudn't read: Die Datei ist zu lang. Dieser Vorgang unterstützt derzeit nur Dateien mit einer Größe von weniger als 2 GB.
24.05.2014 @ 13:29: Invalid file, it couldn't extract!
24.05.2014 @ 13:29: Invalid file, it couldn't extract!
24.05.2014 @ 13:29: Invalid file, it couldn't extract!
25.05.2014 @ 17:48: Invalid file, it couldn't be extracted!
25.05.2014 @ 17:48: Invalid file, it couldn't be extracted!
25.05.2014 @ 17:48: Invalid file, it couldn't be extracted!
25.05.2014 @ 17:48: Invalid file, it couldn't be extracted!
25.05.2014 @ 17:48: Invalid file, it couldn't be extracted!
25.05.2014 @ 17:49: Invalid file, it couldn't be extracted!
25.05.2014 @ 17:48: Invalid file, it couldn't be extracted!
25.05.2014 @ 17:48: Invalid file, it couldn't be extracted!
25.05.2014 @ 17:49: Invalid file, it couldn't be extracted!
25.05.2014 @ 17:49: Invalid file, it couldn't be extracted!
25.05.2014 @ 17:54: Invalid file, it couldn't be extracted!
25.05.2014 @ 17:54: Invalid file, it couldn't be extracted!
25.05.2014 @ 17:54: The file couldn't write: Illegales Zeichen im Pfad.
25.05.2014 @ 17:54: Invalid file, it couldn't be extracted!
25.05.2014 @ 17:54: The file couldn't write: Illegales Zeichen im Pfad.
25.05.2014 @ 17:54: The file couldn't write: Illegales Zeichen im Pfad.
25.05.2014 @ 17:54: Invalid file, it couldn't be extracted!
25.05.2014 @ 17:54: The file couldn't write: Illegales Zeichen im Pfad.
25.05.2014 @ 17:54: The file couldn't write: Illegales Zeichen im Pfad.
25.05.2014 @ 17:54: The file couldn't write: Illegales Zeichen im Pfad.
25.05.2014 @ 17:54: Invalid file, it couldn't be extracted!
25.05.2014 @ 17:54: The file couldn't write: Illegales Zeichen im Pfad.
25.05.2014 @ 17:54: The file couldn't write: Illegales Zeichen im Pfad.
25.05.2014 @ 17:54: The file couldn't write: Illegales Zeichen im Pfad.
25.05.2014 @ 17:54: The file couldn't write: Illegales Zeichen im Pfad.
25.05.2014 @ 17:54: Invalid file, it couldn't be extracted!
25.05.2014 @ 17:54: The file couldn't write: Illegales Zeichen im Pfad.
25.05.2014 @ 17:54: The file couldn't write: Illegales Zeichen im Pfad.
25.05.2014 @ 17:54: The file couldn't write: Illegales Zeichen im Pfad.
25.05.2014 @ 17:54: The file couldn't write: Illegales Zeichen im Pfad.
25.05.2014 @ 17:54: The file couldn't write: Illegales Zeichen im Pfad.
25.05.2014 @ 17:54: Invalid file, it couldn't be extracted!
25.05.2014 @ 17:54: The file couldn't write: Illegales Zeichen im Pfad.
25.05.2014 @ 17:54: The file couldn't write: Illegales Zeichen im Pfad.
25.05.2014 @ 17:54: The file couldn't write: Illegales Zeichen im Pfad.
25.05.2014 @ 17:54: The file couldn't write: Illegales Zeichen im Pfad.
25.05.2014 @ 17:54: The file couldn't write: Illegales Zeichen im Pfad.
25.05.2014 @ 17:54: The file couldn't write: Illegales Zeichen im Pfad.
25.05.2014 @ 17:54: Invalid file, it couldn't be extracted!
25.05.2014 @ 17:54: The file couldn't write: Illegales Zeichen im Pfad.
25.05.2014 @ 17:54: The file couldn't write: Illegales Zeichen im Pfad.
25.05.2014 @ 17:54: The file couldn't write: Illegales Zeichen im Pfad.
25.05.2014 @ 17:54: The file couldn't write: Illegales Zeichen im Pfad.
25.05.2014 @ 17:54: The file couldn't write: Illegales Zeichen im Pfad.
25.05.2014 @ 17:54: The file couldn't write: Illegales Zeichen im Pfad.
25.05.2014 @ 17:54: The file couldn't write: Illegales Zeichen im Pfad.
25.05.2014 @ 17:54: Invalid file, it couldn't be extracted!
25.05.2014 @ 17:54: The file couldn't write: Illegales Zeichen im Pfad.
25.05.2014 @ 17:54: The file couldn't write: Illegales Zeichen im Pfad.
25.05.2014 @ 17:54: The file couldn't write: Illegales Zeichen im Pfad.
25.05.2014 @ 17:54: The file couldn't write: Illegales Zeichen im Pfad.
25.05.2014 @ 17:54: The file couldn't write: Illegales Zeichen im Pfad.
25.05.2014 @ 17:54: The file couldn't write: Illegales Zeichen im Pfad.
25.05.2014 @ 17:54: The file couldn't write: Illegales Zeichen im Pfad.
25.05.2014 @ 17:54: The file couldn't write: Illegales Zeichen im Pfad.
25.05.2014 @ 17:54: Invalid file, it couldn't be extracted!
25.05.2014 @ 17:54: The file couldn't write: Illegales Zeichen im Pfad.
25.05.2014 @ 17:54: The file couldn't write: Illegales Zeichen im Pfad.
25.05.2014 @ 17:54: The file couldn't write: Illegales Zeichen im Pfad.
25.05.2014 @ 17:54: The file couldn't write: Illegales Zeichen im Pfad.
25.05.2014 @ 17:54: The file couldn't write: Illegales Zeichen im Pfad.
25.05.2014 @ 17:54: The file couldn't write: Illegales Zeichen im Pfad.
25.05.2014 @ 17:54: The file couldn't write: Illegales Zeichen im Pfad.
25.05.2014 @ 17:54: The file couldn't write: Illegales Zeichen im Pfad.
25.05.2014 @ 17:54: The file couldn't write: Illegales Zeichen im Pfad.
25.05.2014 @ 17:54: Invalid file, it couldn't be extracted!
25.05.2014 @ 17:54: The file couldn't write: Illegales Zeichen im Pfad.
25.05.2014 @ 17:54: The file couldn't write: Illegales Zeichen im Pfad.
25.05.2014 @ 17:54: The file couldn't write: Illegales Zeichen im Pfad.
25.05.2014 @ 17:54: The file couldn't write: Illegales Zeichen im Pfad.
25.05.2014 @ 17:54: The file couldn't write: Illegales Zeichen im Pfad.
25.05.2014 @ 17:54: The file couldn't write: Illegales Zeichen im Pfad.
25.05.2014 @ 17:54: The file couldn't write: Illegales Zeichen im Pfad.
25.05.2014 @ 17:54: The file couldn't write: Illegales Zeichen im Pfad.
25.05.2014 @ 17:54: The file couldn't write: Illegales Zeichen im Pfad.
25.05.2014 @ 17:54: The file couldn't write: Illegales Zeichen im Pfad.
25.05.2014 @ 17:54: Invalid file, it couldn't be extracted!
25.05.2014 @ 17:54: The file couldn't write: Illegales Zeichen im Pfad.
25.05.2014 @ 17:54: The file couldn't write: Illegales Zeichen im Pfad.
25.05.2014 @ 17:54: The file couldn't write: Illegales Zeichen im Pfad.
25.05.2014 @ 17:54: The file couldn't write: Illegales Zeichen im Pfad.
25.05.2014 @ 17:54: The file couldn't write: Illegales Zeichen im Pfad.
25.05.2014 @ 17:54: The file couldn't write: Illegales Zeichen im Pfad.
25.05.2014 @ 17:54: The file couldn't write: Illegales Zeichen im Pfad.
25.05.2014 @ 17:54: The file couldn't write: Illegales Zeichen im Pfad.
25.05.2014 @ 17:54: The file couldn't write: Illegales Zeichen im Pfad.
25.05.2014 @ 17:54: The file couldn't write: Illegales Zeichen im Pfad.
25.05.2014 @ 17:54: The file couldn't write: Illegales Zeichen im Pfad.
25.05.2014 @ 17:54: Invalid file, it couldn't be extracted!
25.05.2014 @ 17:54: The file couldn't write: Illegales Zeichen im Pfad.
25.05.2014 @ 17:54: The file couldn't write: Illegales Zeichen im Pfad.
25.05.2014 @ 17:54: The file couldn't write: Illegales Zeichen im Pfad.
25.05.2014 @ 17:54: The file couldn't write: Illegales Zeichen im Pfad.
25.05.2014 @ 17:54: The file couldn't write: Illegales Zeichen im Pfad.
25.05.2014 @ 17:54: The file couldn't write: Illegales Zeichen im Pfad.
25.05.2014 @ 17:54: The file couldn't write: Illegales Zeichen im Pfad.
25.05.2014 @ 17:54: The file couldn't write: Illegales Zeichen im Pfad.
25.05.2014 @ 17:54: The file couldn't write: Illegales Zeichen im Pfad.
25.05.2014 @ 17:54: The file couldn't write: Illegales Zeichen im Pfad.
25.05.2014 @ 17:54: The file couldn't write: Illegales Zeichen im Pfad.
25.05.2014 @ 17:54: The file couldn't write: Illegales Zeichen im Pfad.
25.05.2014 @ 17:54: Invalid file, it couldn't be extracted!
25.05.2014 @ 17:54: The file couldn't write: Illegales Zeichen im Pfad.
25.05.2014 @ 17:54: The file couldn't write: Illegales Zeichen im Pfad.
25.05.2014 @ 17:54: The file couldn't write: Illegales Zeichen im Pfad.
25.05.2014 @ 17:54: The file couldn't write: Illegales Zeichen im Pfad.
25.05.2014 @ 17:54: The file couldn't write: Illegales Zeichen im Pfad.
25.05.2014 @ 17:54: The file couldn't write: Illegales Zeichen im Pfad.
25.05.2014 @ 17:54: The file couldn't write: Illegales Zeichen im Pfad.
25.05.2014 @ 17:54: The file couldn't write: Illegales Zeichen im Pfad.
25.05.2014 @ 17:54: The file couldn't write: Illegales Zeichen im Pfad.
25.05.2014 @ 17:54: The file couldn't write: Illegales Zeichen im Pfad.
25.05.2014 @ 17:54: The file couldn't write: Illegales Zeichen im Pfad.
25.05.2014 @ 17:54: The file couldn't write: Illegales Zeichen im Pfad.
25.05.2014 @ 17:54: The file couldn't write: Illegales Zeichen im Pfad.
25.05.2014 @ 17:54: Invalid file, it couldn't be extracted!
25.05.2014 @ 17:54: The file couldn't write: Illegales Zeichen im Pfad.
25.05.2014 @ 17:54: The file couldn't write: Illegales Zeichen im Pfad.
25.05.2014 @ 17:54: The file couldn't write: Illegales Zeichen im Pfad.
25.05.2014 @ 17:54: The file couldn't write: Illegales Zeichen im Pfad.
25.05.2014 @ 17:54: The file couldn't write: Illegales Zeichen im Pfad.
25.05.2014 @ 17:54: The file couldn't write: Illegales Zeichen im Pfad.
25.05.2014 @ 17:54: The file couldn't write: Illegales Zeichen im Pfad.
25.05.2014 @ 17:54: The file couldn't write: Illegales Zeichen im Pfad.
25.05.2014 @ 17:54: The file couldn't write: Illegales Zeichen im Pfad.
25.05.2014 @ 17:54: The file couldn't write: Illegales Zeichen im Pfad.
25.05.2014 @ 17:54: The file couldn't write: Illegales Zeichen im Pfad.
25.05.2014 @ 17:54: The file couldn't write: Illegales Zeichen im Pfad.
25.05.2014 @ 17:54: The file couldn't write: Illegales Zeichen im Pfad.
25.05.2014 @ 17:54: The file couldn't write: Illegales Zeichen im Pfad.
25.05.2014 @ 17:54: Invalid file, it couldn't be extracted!
25.05.2014 @ 17:54: The file couldn't write: Illegales Zeichen im Pfad.
25.05.2014 @ 17:54: The file couldn't write: Illegales Zeichen im Pfad.
25.05.2014 @ 17:54: The file couldn't write: Illegales Zeichen im Pfad.
25.05.2014 @ 17:54: The file couldn't write: Illegales Zeichen im Pfad.
25.05.2014 @ 17:54: The file couldn't write: Illegales Zeichen im Pfad.
25.05.2014 @ 17:54: The file couldn't write: Illegales Zeichen im Pfad.
25.05.2014 @ 17:54: The file couldn't write: Illegales Zeichen im Pfad.
25.05.2014 @ 17:54: The file couldn't write: Illegales Zeichen im Pfad.
25.05.2014 @ 17:54: The file couldn't write: Illegales Zeichen im Pfad.
25.05.2014 @ 17:54: The file couldn't write: Illegales Zeichen im Pfad.
25.05.2014 @ 17:54: The file couldn't write: Illegales Zeichen im Pfad.
25.05.2014 @ 17:54: The file couldn't write: Illegales Zeichen im Pfad.
25.05.2014 @ 17:54: The file couldn't write: Illegales Zeichen im Pfad.
25.05.2014 @ 17:54: The file couldn't write: Illegales Zeichen im Pfad.
25.05.2014 @ 17:54: The file couldn't write: Illegales Zeichen im Pfad.
25.05.2014 @ 17:54: Invalid file, it couldn't be extracted!
25.05.2014 @ 17:54: The file couldn't write: Illegales Zeichen im Pfad.
25.05.2014 @ 17:54: The file couldn't write: Illegales Zeichen im Pfad.
25.05.2014 @ 17:54: The file couldn't write: Illegales Zeichen im Pfad.
25.05.2014 @ 17:54: The file couldn't write: Illegales Zeichen im Pfad.
25.05.2014 @ 17:54: The file couldn't write: Illegales Zeichen im Pfad.
25.05.2014 @ 17:54: The file couldn't write: Illegales Zeichen im Pfad.
25.05.2014 @ 17:54: The file couldn't write: Illegales Zeichen im Pfad.
25.05.2014 @ 17:54: The file couldn't write: Illegales Zeichen im Pfad.
25.05.2014 @ 17:54: The file couldn't write: Illegales Zeichen im Pfad.
25.05.2014 @ 17:54: The file couldn't write: Illegales Zeichen im Pfad.
25.05.2014 @ 17:54: The file couldn't write: Illegales Zeichen im Pfad.
25.05.2014 @ 17:54: The file couldn't write: Illegales Zeichen im Pfad.
25.05.2014 @ 17:54: The file couldn't write: Illegales Zeichen im Pfad.
25.05.2014 @ 17:54: The file couldn't write: Illegales Zeichen im Pfad.
25.05.2014 @ 17:54: The file couldn't write: Illegales Zeichen im Pfad.
25.05.2014 @ 17:54: The file couldn't write: Illegales Zeichen im Pfad.
25.05.2014 @ 17:57: Invalid file, it couldn't be extracted!
25.05.2014 @ 17:57: Invalid file, it couldn't be extracted!
25.05.2014 @ 17:57: The file couldn't read: Illegales Zeichen im Pfad.
25.05.2014 @ 17:57: Invalid file, it couldn't be extracted!
25.05.2014 @ 17:57: The file couldn't read: Illegales Zeichen im Pfad.
25.05.2014 @ 17:57: The file couldn't read: Illegales Zeichen im Pfad.
25.05.2014 @ 17:57: Invalid file, it couldn't be extracted!
25.05.2014 @ 17:57: The file couldn't read: Illegales Zeichen im Pfad.
25.05.2014 @ 17:57: The file couldn't read: Illegales Zeichen im Pfad.
25.05.2014 @ 17:57: The file couldn't read: Illegales Zeichen im Pfad.
25.05.2014 @ 17:57: Invalid file, it couldn't be extracted!
25.05.2014 @ 17:57: The file couldn't read: Illegales Zeichen im Pfad.
25.05.2014 @ 17:57: The file couldn't read: Illegales Zeichen im Pfad.
25.05.2014 @ 17:57: The file couldn't read: Illegales Zeichen im Pfad.
25.05.2014 @ 17:57: The file couldn't read: Illegales Zeichen im Pfad.
25.05.2014 @ 17:57: Invalid file, it couldn't be extracted!
25.05.2014 @ 17:57: The file couldn't read: Illegales Zeichen im Pfad.
25.05.2014 @ 17:57: The file couldn't read: Illegales Zeichen im Pfad.
25.05.2014 @ 17:57: The file couldn't read: Illegales Zeichen im Pfad.
25.05.2014 @ 17:57: The file couldn't read: Illegales Zeichen im Pfad.
25.05.2014 @ 17:57: The file couldn't read: Illegales Zeichen im Pfad.
25.05.2014 @ 17:57: Invalid file, it couldn't be extracted!
25.05.2014 @ 17:57: The file couldn't read: Illegales Zeichen im Pfad.
25.05.2014 @ 17:57: The file couldn't read: Illegales Zeichen im Pfad.
25.05.2014 @ 17:57: The file couldn't read: Illegales Zeichen im Pfad.
25.05.2014 @ 17:57: The file couldn't read: Illegales Zeichen im Pfad.
25.05.2014 @ 17:57: The file couldn't read: Illegales Zeichen im Pfad.
25.05.2014 @ 17:57: The file couldn't read: Illegales Zeichen im Pfad.
25.05.2014 @ 17:57: Invalid file, it couldn't be extracted!
25.05.2014 @ 17:57: The file couldn't read: Illegales Zeichen im Pfad.
25.05.2014 @ 17:57: The file couldn't read: Illegales Zeichen im Pfad.
25.05.2014 @ 17:57: The file couldn't read: Illegales Zeichen im Pfad.
25.05.2014 @ 17:57: The file couldn't read: Illegales Zeichen im Pfad.
25.05.2014 @ 17:57: The file couldn't read: Illegales Zeichen im Pfad.
25.05.2014 @ 17:57: The file couldn't read: Illegales Zeichen im Pfad.
25.05.2014 @ 17:57: The file couldn't read: Illegales Zeichen im Pfad.
25.05.2014 @ 17:57: Invalid file, it couldn't be extracted!
25.05.2014 @ 17:57: The file couldn't read: Illegales Zeichen im Pfad.
25.05.2014 @ 17:57: The file couldn't read: Illegales Zeichen im Pfad.
25.05.2014 @ 17:57: The file couldn't read: Illegales Zeichen im Pfad.
25.05.2014 @ 17:57: The file couldn't read: Illegales Zeichen im Pfad.
25.05.2014 @ 17:57: The file couldn't read: Illegales Zeichen im Pfad.
25.05.2014 @ 17:57: The file couldn't read: Illegales Zeichen im Pfad.
25.05.2014 @ 17:57: The file couldn't read: Illegales Zeichen im Pfad.
25.05.2014 @ 17:57: The file couldn't read: Illegales Zeichen im Pfad.
25.05.2014 @ 17:57: Invalid file, it couldn't be extracted!
25.05.2014 @ 17:57: The file couldn't read: Illegales Zeichen im Pfad.
25.05.2014 @ 17:57: The file couldn't read: Illegales Zeichen im Pfad.
25.05.2014 @ 17:57: The file couldn't read: Illegales Zeichen im Pfad.
25.05.2014 @ 17:57: The file couldn't read: Illegales Zeichen im Pfad.
25.05.2014 @ 17:57: The file couldn't read: Illegales Zeichen im Pfad.
25.05.2014 @ 17:57: The file couldn't read: Illegales Zeichen im Pfad.
25.05.2014 @ 17:57: The file couldn't read: Illegales Zeichen im Pfad.
25.05.2014 @ 17:57: The file couldn't read: Illegales Zeichen im Pfad.
25.05.2014 @ 17:57: The file couldn't read: Illegales Zeichen im Pfad.
25.05.2014 @ 17:57: Invalid file, it couldn't be extracted!
25.05.2014 @ 17:57: The file couldn't read: Illegales Zeichen im Pfad.
25.05.2014 @ 17:57: The file couldn't read: Illegales Zeichen im Pfad.
25.05.2014 @ 17:57: The file couldn't read: Illegales Zeichen im Pfad.
25.05.2014 @ 17:57: The file couldn't read: Illegales Zeichen im Pfad.
25.05.2014 @ 17:57: The file couldn't read: Illegales Zeichen im Pfad.
25.05.2014 @ 17:57: The file couldn't read: Illegales Zeichen im Pfad.
25.05.2014 @ 17:57: The file couldn't read: Illegales Zeichen im Pfad.
25.05.2014 @ 17:57: The file couldn't read: Illegales Zeichen im Pfad.
25.05.2014 @ 17:57: The file couldn't read: Illegales Zeichen im Pfad.
25.05.2014 @ 17:57: The file couldn't read: Illegales Zeichen im Pfad.
25.05.2014 @ 17:57: Invalid file, it couldn't be extracted!
25.05.2014 @ 17:57: The file couldn't read: Illegales Zeichen im Pfad.
25.05.2014 @ 17:57: The file couldn't read: Illegales Zeichen im Pfad.
25.05.2014 @ 17:57: The file couldn't read: Illegales Zeichen im Pfad.
25.05.2014 @ 17:57: The file couldn't read: Illegales Zeichen im Pfad.
25.05.2014 @ 17:57: The file couldn't read: Illegales Zeichen im Pfad.
25.05.2014 @ 17:57: The file couldn't read: Illegales Zeichen im Pfad.
25.05.2014 @ 17:57: The file couldn't read: Illegales Zeichen im Pfad.
25.05.2014 @ 17:57: The file couldn't read: Illegales Zeichen im Pfad.
25.05.2014 @ 17:57: The file couldn't read: Illegales Zeichen im Pfad.
25.05.2014 @ 17:57: The file couldn't read: Illegales Zeichen im Pfad.
25.05.2014 @ 17:57: The file couldn't read: Illegales Zeichen im Pfad.
25.05.2014 @ 17:57: Invalid file, it couldn't be extracted!
25.05.2014 @ 17:57: The file couldn't read: Illegales Zeichen im Pfad.
25.05.2014 @ 17:57: The file couldn't read: Illegales Zeichen im Pfad.
25.05.2014 @ 17:57: The file couldn't read: Illegales Zeichen im Pfad.
25.05.2014 @ 17:57: The file couldn't read: Illegales Zeichen im Pfad.
25.05.2014 @ 17:57: The file couldn't read: Illegales Zeichen im Pfad.
25.05.2014 @ 17:57: The file couldn't read: Illegales Zeichen im Pfad.
25.05.2014 @ 17:57: The file couldn't read: Illegales Zeichen im Pfad.
25.05.2014 @ 17:57: The file couldn't read: Illegales Zeichen im Pfad.
25.05.2014 @ 17:57: The file couldn't read: Illegales Zeichen im Pfad.
25.05.2014 @ 17:57: The file couldn't read: Illegales Zeichen im Pfad.
25.05.2014 @ 17:57: The file couldn't read: Illegales Zeichen im Pfad.
25.05.2014 @ 17:57: The file couldn't read: Illegales Zeichen im Pfad.
25.05.2014 @ 17:57: Invalid file, it couldn't be extracted!
25.05.2014 @ 17:57: The file couldn't read: Illegales Zeichen im Pfad.
25.05.2014 @ 17:57: The file couldn't read: Illegales Zeichen im Pfad.
25.05.2014 @ 17:57: The file couldn't read: Illegales Zeichen im Pfad.
25.05.2014 @ 17:57: The file couldn't read: Illegales Zeichen im Pfad.
25.05.2014 @ 17:57: The file couldn't read: Illegales Zeichen im Pfad.
25.05.2014 @ 17:57: The file couldn't read: Illegales Zeichen im Pfad.
25.05.2014 @ 17:57: The file couldn't read: Illegales Zeichen im Pfad.
25.05.2014 @ 17:57: The file couldn't read: Illegales Zeichen im Pfad.
25.05.2014 @ 17:57: The file couldn't read: Illegales Zeichen im Pfad.
25.05.2014 @ 17:57: The file couldn't read: Illegales Zeichen im Pfad.
25.05.2014 @ 17:57: The file couldn't read: Illegales Zeichen im Pfad.
25.05.2014 @ 17:57: The file couldn't read: Illegales Zeichen im Pfad.
25.05.2014 @ 17:57: The file couldn't read: Illegales Zeichen im Pfad.
25.05.2014 @ 17:57: Invalid file, it couldn't be extracted!
25.05.2014 @ 17:57: The file couldn't read: Illegales Zeichen im Pfad.
25.05.2014 @ 17:57: The file couldn't read: Illegales Zeichen im Pfad.
25.05.2014 @ 17:57: The file couldn't read: Illegales Zeichen im Pfad.
25.05.2014 @ 17:57: The file couldn't read: Illegales Zeichen im Pfad.
25.05.2014 @ 17:57: The file couldn't read: Illegales Zeichen im Pfad.
25.05.2014 @ 17:57: The file couldn't read: Illegales Zeichen im Pfad.
25.05.2014 @ 17:57: The file couldn't read: Illegales Zeichen im Pfad.
25.05.2014 @ 17:57: The file couldn't read: Illegales Zeichen im Pfad.
25.05.2014 @ 17:57: The file couldn't read: Illegales Zeichen im Pfad.
25.05.2014 @ 17:57: The file couldn't read: Illegales Zeichen im Pfad.
25.05.2014 @ 17:57: The file couldn't read: Illegales Zeichen im Pfad.
25.05.2014 @ 17:57: The file couldn't read: Illegales Zeichen im Pfad.
25.05.2014 @ 17:57: The file couldn't read: Illegales Zeichen im Pfad.
25.05.2014 @ 17:57: The file couldn't read: Illegales Zeichen im Pfad.
25.05.2014 @ 17:57: Invalid file, it couldn't be extracted!
25.05.2014 @ 17:57: The file couldn't read: Illegales Zeichen im Pfad.
25.05.2014 @ 17:57: The file couldn't read: Illegales Zeichen im Pfad.
25.05.2014 @ 17:57: The file couldn't read: Illegales Zeichen im Pfad.
25.05.2014 @ 17:57: The file couldn't read: Illegales Zeichen im Pfad.
25.05.2014 @ 17:57: The file couldn't read: Illegales Zeichen im Pfad.
25.05.2014 @ 17:57: The file couldn't read: Illegales Zeichen im Pfad.
25.05.2014 @ 17:57: The file couldn't read: Illegales Zeichen im Pfad.
25.05.2014 @ 17:57: The file couldn't read: Illegales Zeichen im Pfad.
25.05.2014 @ 17:57: The file couldn't read: Illegales Zeichen im Pfad.
25.05.2014 @ 17:57: The file couldn't read: Illegales Zeichen im Pfad.
25.05.2014 @ 17:57: The file couldn't read: Illegales Zeichen im Pfad.
25.05.2014 @ 17:57: The file couldn't read: Illegales Zeichen im Pfad.
25.05.2014 @ 17:57: The file couldn't read: Illegales Zeichen im Pfad.
25.05.2014 @ 17:57: The file couldn't read: Illegales Zeichen im Pfad.
25.05.2014 @ 17:57: The file couldn't read: Illegales Zeichen im Pfad.
25.05.2014 @ 17:57: Invalid file, it couldn't be extracted!
25.05.2014 @ 17:57: The file couldn't read: Illegales Zeichen im Pfad.
25.05.2014 @ 17:57: The file couldn't read: Illegales Zeichen im Pfad.
25.05.2014 @ 17:57: The file couldn't read: Illegales Zeichen im Pfad.
25.05.2014 @ 17:57: The file couldn't read: Illegales Zeichen im Pfad.
25.05.2014 @ 17:57: The file couldn't read: Illegales Zeichen im Pfad.
25.05.2014 @ 17:57: The file couldn't read: Illegales Zeichen im Pfad.
25.05.2014 @ 17:57: The file couldn't read: Illegales Zeichen im Pfad.
25.05.2014 @ 17:57: The file couldn't read: Illegales Zeichen im Pfad.
25.05.2014 @ 17:57: The file couldn't read: Illegales Zeichen im Pfad.
25.05.2014 @ 17:57: The file couldn't read: Illegales Zeichen im Pfad.
25.05.2014 @ 17:57: The file couldn't read: Illegales Zeichen im Pfad.
25.05.2014 @ 17:57: The file couldn't read: Illegales Zeichen im Pfad.
25.05.2014 @ 17:57: The file couldn't read: Illegales Zeichen im Pfad.
25.05.2014 @ 17:57: The file couldn't read: Illegales Zeichen im Pfad.
25.05.2014 @ 17:57: The file couldn't read: Illegales Zeichen im Pfad.
25.05.2014 @ 17:57: The file couldn't read: Illegales Zeichen im Pfad.
25.05.2014 @ 17:57: Invalid file, it couldn't be extracted!
25.05.2014 @ 17:57: The file couldn't read: Illegales Zeichen im Pfad.
25.05.2014 @ 17:57: The file couldn't read: Illegales Zeichen im Pfad.
25.05.2014 @ 17:57: The file couldn't read: Illegales Zeichen im Pfad.
25.05.2014 @ 17:57: The file couldn't read: Illegales Zeichen im Pfad.
25.05.2014 @ 17:57: The file couldn't read: Illegales Zeichen im Pfad.
25.05.2014 @ 17:57: The file couldn't read: Illegales Zeichen im Pfad.
25.05.2014 @ 17:57: The file couldn't read: Illegales Zeichen im Pfad.
25.05.2014 @ 17:57: The file couldn't read: Illegales Zeichen im Pfad.
25.05.2014 @ 17:57: The file couldn't read: Illegales Zeichen im Pfad.
25.05.2014 @ 17:57: The file couldn't read: Illegales Zeichen im Pfad.
25.05.2014 @ 17:57: The file couldn't read: Illegales Zeichen im Pfad.
25.05.2014 @ 17:57: The file couldn't read: Illegales Zeichen im Pfad.
25.05.2014 @ 17:57: The file couldn't read: Illegales Zeichen im Pfad.
25.05.2014 @ 17:57: The file couldn't read: Illegales Zeichen im Pfad.
25.05.2014 @ 17:57: The file couldn't read: Illegales Zeichen im Pfad.
25.05.2014 @ 17:57: The file couldn't read: Illegales Zeichen im Pfad.
25.05.2014 @ 17:57: The file couldn't read: Illegales Zeichen im Pfad.
25.05.2014 @ 17:57: Invalid file, it couldn't be extracted!
25.05.2014 @ 17:57: The file couldn't read: Illegales Zeichen im Pfad.
25.05.2014 @ 17:57: The file couldn't read: Illegales Zeichen im Pfad.
25.05.2014 @ 17:57: The file couldn't read: Illegales Zeichen im Pfad.
25.05.2014 @ 17:57: The file couldn't read: Illegales Zeichen im Pfad.
25.05.2014 @ 17:57: The file couldn't read: Illegales Zeichen im Pfad.
25.05.2014 @ 17:57: The file couldn't read: Illegales Zeichen im Pfad.
25.05.2014 @ 17:57: The file couldn't read: Illegales Zeichen im Pfad.
25.05.2014 @ 17:57: The file couldn't read: Illegales Zeichen im Pfad.
25.05.2014 @ 17:57: The file couldn't read: Illegales Zeichen im Pfad.
25.05.2014 @ 17:57: The file couldn't read: Illegales Zeichen im Pfad.
25.05.2014 @ 17:57: The file couldn't read: Illegales Zeichen im Pfad.
25.05.2014 @ 17:57: The file couldn't read: Illegales Zeichen im Pfad.
25.05.2014 @ 17:57: The file couldn't read: Illegales Zeichen im Pfad.
25.05.2014 @ 17:57: The file couldn't read: Illegales Zeichen im Pfad.
25.05.2014 @ 17:57: The file couldn't read: Illegales Zeichen im Pfad.
25.05.2014 @ 17:57: The file couldn't read: Illegales Zeichen im Pfad.
25.05.2014 @ 17:57: The file couldn't read: Illegales Zeichen im Pfad.
25.05.2014 @ 17:57: The file couldn't read: Illegales Zeichen im Pfad.
25.05.2014 @ 17:57: Invalid file, it couldn't be extracted!
25.05.2014 @ 17:57: The file couldn't read: Illegales Zeichen im Pfad.
25.05.2014 @ 17:57: The file couldn't read: Illegales Zeichen im Pfad.
25.05.2014 @ 17:57: The file couldn't read: Illegales Zeichen im Pfad.
25.05.2014 @ 17:57: The file couldn't read: Illegales Zeichen im Pfad.
25.05.2014 @ 17:57: The file couldn't read: Illegales Zeichen im Pfad.
25.05.2014 @ 17:57: The file couldn't read: Illegales Zeichen im Pfad.
25.05.2014 @ 17:57: The file couldn't read: Illegales Zeichen im Pfad.
25.05.2014 @ 17:57: The file couldn't read: Illegales Zeichen im Pfad.
25.05.2014 @ 17:57: The file couldn't read: Illegales Zeichen im Pfad.
25.05.2014 @ 17:57: The file couldn't read: Illegales Zeichen im Pfad.
25.05.2014 @ 17:57: The file couldn't read: Illegales Zeichen im Pfad.
25.05.2014 @ 17:57: The file couldn't read: Illegales Zeichen im Pfad.
25.05.2014 @ 17:57: The file couldn't read: Illegales Zeichen im Pfad.
25.05.2014 @ 17:57: The file couldn't read: Illegales Zeichen im Pfad.
25.05.2014 @ 17:57: The file couldn't read: Illegales Zeichen im Pfad.
25.05.2014 @ 17:57: The file couldn't read: Illegales Zeichen im Pfad.
25.05.2014 @ 17:57: The file couldn't read: Illegales Zeichen im Pfad.
25.05.2014 @ 17:57: The file couldn't read: Illegales Zeichen im Pfad.
25.05.2014 @ 17:57: The file couldn't read: Illegales Zeichen im Pfad.
25.05.2014 @ 17:57: Invalid file, it couldn't be extracted!
25.05.2014 @ 17:57: The file couldn't read: Illegales Zeichen im Pfad.
25.05.2014 @ 17:57: The file couldn't read: Illegales Zeichen im Pfad.
25.05.2014 @ 17:57: The file couldn't read: Illegales Zeichen im Pfad.
25.05.2014 @ 17:57: The file couldn't read: Illegales Zeichen im Pfad.
25.05.2014 @ 17:57: The file couldn't read: Illegales Zeichen im Pfad.
25.05.2014 @ 17:57: The file couldn't read: Illegales Zeichen im Pfad.
25.05.2014 @ 17:57: The file couldn't read: Illegales Zeichen im Pfad.
25.05.2014 @ 17:57: The file couldn't read: Illegales Zeichen im Pfad.
25.05.2014 @ 17:57: The file couldn't read: Illegales Zeichen im Pfad.
25.05.2014 @ 17:57: The file couldn't read: Illegales Zeichen im Pfad.
25.05.2014 @ 17:57: The file couldn't read: Illegales Zeichen im Pfad.
25.05.2014 @ 17:57: The file couldn't read: Illegales Zeichen im Pfad.
25.05.2014 @ 17:57: The file couldn't read: Illegales Zeichen im Pfad.
25.05.2014 @ 17:57: The file couldn't read: Illegales Zeichen im Pfad.
25.05.2014 @ 17:57: The file couldn't read: Illegales Zeichen im Pfad.
25.05.2014 @ 17:57: The file couldn't read: Illegales Zeichen im Pfad.
25.05.2014 @ 17:57: The file couldn't read: Illegales Zeichen im Pfad.
25.05.2014 @ 17:57: The file couldn't read: Illegales Zeichen im Pfad.
25.05.2014 @ 17:57: The file couldn't read: Illegales Zeichen im Pfad.
25.05.2014 @ 17:57: The file couldn't read: Illegales Zeichen im Pfad.
25.05.2014 @ 17:57: Invalid file, it couldn't be extracted!
25.05.2014 @ 17:57: The file couldn't read: Illegales Zeichen im Pfad.
25.05.2014 @ 17:57: The file couldn't read: Illegales Zeichen im Pfad.
25.05.2014 @ 17:57: The file couldn't read: Illegales Zeichen im Pfad.
25.05.2014 @ 17:57: The file couldn't read: Illegales Zeichen im Pfad.
25.05.2014 @ 17:57: The file couldn't read: Illegales Zeichen im Pfad.
25.05.2014 @ 17:57: The file couldn't read: Illegales Zeichen im Pfad.
25.05.2014 @ 17:57: The file couldn't read: Illegales Zeichen im Pfad.
25.05.2014 @ 17:57: The file couldn't read: Illegales Zeichen im Pfad.
25.05.2014 @ 17:57: The file couldn't read: Illegales Zeichen im Pfad.
25.05.2014 @ 17:57: The file couldn't read: Illegales Zeichen im Pfad.
25.05.2014 @ 17:57: The file couldn't read: Illegales Zeichen im Pfad.
25.05.2014 @ 17:57: The file couldn't read: Illegales Zeichen im Pfad.
25.05.2014 @ 17:57: The file couldn't read: Illegales Zeichen im Pfad.
25.05.2014 @ 17:57: The file couldn't read: Illegales Zeichen im Pfad.
25.05.2014 @ 17:57: The file couldn't read: Illegales Zeichen im Pfad.
25.05.2014 @ 17:57: The file couldn't read: Illegales Zeichen im Pfad.
25.05.2014 @ 17:57: The file couldn't read: Illegales Zeichen im Pfad.
25.05.2014 @ 17:57: The file couldn't read: Illegales Zeichen im Pfad.
25.05.2014 @ 17:57: The file couldn't read: Illegales Zeichen im Pfad.
25.05.2014 @ 17:57: The file couldn't read: Illegales Zeichen im Pfad.
25.05.2014 @ 17:57: The file couldn't read: Illegales Zeichen im Pfad.
25.05.2014 @ 17:57: Invalid file, it couldn't be extracted!
25.05.2014 @ 17:57: The file couldn't read: Illegales Zeichen im Pfad.
25.05.2014 @ 17:57: The file couldn't read: Illegales Zeichen im Pfad.
25.05.2014 @ 17:57: The file couldn't read: Illegales Zeichen im Pfad.
25.05.2014 @ 17:57: The file couldn't read: Illegales Zeichen im Pfad.
25.05.2014 @ 17:57: The file couldn't read: Illegales Zeichen im Pfad.
25.05.2014 @ 17:57: The file couldn't read: Illegales Zeichen im Pfad.
25.05.2014 @ 17:57: The file couldn't read: Illegales Zeichen im Pfad.
25.05.2014 @ 17:57: The file couldn't read: Illegales Zeichen im Pfad.
25.05.2014 @ 17:57: The file couldn't read: Illegales Zeichen im Pfad.
25.05.2014 @ 17:57: The file couldn't read: Illegales Zeichen im Pfad.
25.05.2014 @ 17:57: The file couldn't read: Illegales Zeichen im Pfad.
25.05.2014 @ 17:57: The file couldn't read: Illegales Zeichen im Pfad.
25.05.2014 @ 17:57: The file couldn't read: Illegales Zeichen im Pfad.
25.05.2014 @ 17:57: The file couldn't read: Illegales Zeichen im Pfad.
25.05.2014 @ 17:57: The file couldn't read: Illegales Zeichen im Pfad.
25.05.2014 @ 17:57: The file couldn't read: Illegales Zeichen im Pfad.
25.05.2014 @ 17:57: The file couldn't read: Illegales Zeichen im Pfad.
25.05.2014 @ 17:57: The file couldn't read: Illegales Zeichen im Pfad.
25.05.2014 @ 17:57: The file couldn't read: Illegales Zeichen im Pfad.
25.05.2014 @ 17:57: The file couldn't read: Illegales Zeichen im Pfad.
25.05.2014 @ 17:57: The file couldn't read: Illegales Zeichen im Pfad.
25.05.2014 @ 17:57: The file couldn't read: Illegales Zeichen im Pfad.
25.05.2014 @ 17:57: Invalid file, it couldn't be extracted!
25.05.2014 @ 17:57: The file couldn't read: Illegales Zeichen im Pfad.
25.05.2014 @ 17:57: The file couldn't read: Illegales Zeichen im Pfad.
25.05.2014 @ 17:57: The file couldn't read: Illegales Zeichen im Pfad.
25.05.2014 @ 17:57: The file couldn't read: Illegales Zeichen im Pfad.
25.05.2014 @ 17:57: The file couldn't read: Illegales Zeichen im Pfad.
25.05.2014 @ 17:57: The file couldn't read: Illegales Zeichen im Pfad.
25.05.2014 @ 17:57: The file couldn't read: Illegales Zeichen im Pfad.
25.05.2014 @ 17:57: The file couldn't read: Illegales Zeichen im Pfad.
25.05.2014 @ 17:57: The file couldn't read: Illegales Zeichen im Pfad.
25.05.2014 @ 17:57: The file couldn't read: Illegales Zeichen im Pfad.
25.05.2014 @ 17:57: The file couldn't read: Illegales Zeichen im Pfad.
25.05.2014 @ 17:57: The file couldn't read: Illegales Zeichen im Pfad.
25.05.2014 @ 17:57: The file couldn't read: Illegales Zeichen im Pfad.
25.05.2014 @ 17:57: The file couldn't read: Illegales Zeichen im Pfad.
25.05.2014 @ 17:57: The file couldn't read: Illegales Zeichen im Pfad.
25.05.2014 @ 17:57: The file couldn't read: Illegales Zeichen im Pfad.
25.05.2014 @ 17:57: The file couldn't read: Illegales Zeichen im Pfad.
25.05.2014 @ 17:57: The file couldn't read: Illegales Zeichen im Pfad.
25.05.2014 @ 17:57: The file couldn't read: Illegales Zeichen im Pfad.
25.05.2014 @ 17:57: The file couldn't read: Illegales Zeichen im Pfad.
25.05.2014 @ 17:57: The file couldn't read: Illegales Zeichen im Pfad.
25.05.2014 @ 17:57: The file couldn't read: Illegales Zeichen im Pfad.
25.05.2014 @ 17:59: Invalid file, it couldn't be extracted!
